N TIME
3105 3312
5589 4279
1490 1647
4894 16868
25288 39861
45037 129178
1668 1912
11670 14477
14773 14181
33964 40238
31051 73187
59926 196593
39200 121926
16053 52714
60522 66051
40562 79981
18090 35343
20849 13657
18535 33063
19664 8064
7725 15688
26481 72335
15751 32545
21134 40085
21980 15338
37067 20955
56754 190109
36008 38875
41401 128149
34227 792
33484 106533
28539 14361
43675 123702
45930 116455
50366 144524
55305 110451
8742 21310
11327 18066
39076 66123
43923 130584
51101 73966
60597 140996
43618 45689
46553 94778
43003 44101
10010 4249
2138 1905
42990 7162
63025 314
24536 45383
38530 111158
5439 1360
17773 18905
57540 85679
56331 31794
19919 61711
48280 120680
8028 21829
40868 99153
23392 58959
21315 38724
41520 25294
25481 40556
25722 14849
10177 6313
11073 4466
7878 14619
52592 156520
30867 43782
22577 42420
59210 24751
37633 57400
64507 210621
33265 82582
58746 113569
32452 83470
54826 55109
64006 41478
25368 66731
17377 45371
23998 70615
39015 91537
10337 27063
45975 127436
11628 7946
33065 23105
308 879
6889 11061
18150 10694
38999 54301
2285 450
58354 164770
65359 211979
24117 26833
60255 139911
5797 13534
9889 32751
20403 43097
10108 1687
64786 96654
60124 79966
18251 13935
14847 21562
36888 43262
14807 45077
22242 53848
38067 85248
44520 88589
19431 52294
15103 36726
39736 63666
43852 68600
13375 1500
62461 105766
61515 112798
48476 42427
54383 101473
45996 155794
23761 23803
60155 9565
13484 27478
15690 3216
27737 51229
57090 13119
38890 65915
20934 27052
12218 24433
53173 26680
61376 225881
8606 12006
22001 4405
52884 57259
56448 92534
2964 4470
11364 36101
23097 49143
20042 16501
37503 107934
45842 45517
10318 8264
43465 46851
48796 104213
52941 6626
37811 68626
42488 73769
51766 44599
15553 51313
43184 17334
44681 116069
13327 12609
13973 39977
49679 56555
58889 14121
12953 13861
9769 13483
32203 18123
63320 131098
1088 345
38114 59434
40400 122069
17252 4492
52419 101690
46676 25756
64120 166848
64146 49743
4900 12185
43273 89763
22920 71242
26138 20721
56376 91834
3647 9696
39568 61498
4910 7434
56293 56209
43132 48944
45698 3409
49518 126079
49563 120064
48449 147449
55170 70262
39736 67928
4678 8049
60205 111203
23792 10721
3945 8823
47693 78098
27528 29758
45207 153762
58200 155166
21282 39132
5971 16162
7404 15451
43195 141159
32034 82894
27532 92073
6741 17723
29745 86306
44354 117612
3557 7853
40201 131865
53743 133471
3484 3009
23291 44722
20099 37825
11492 14861
61328 114965
9249 12555
51488 35002
36569 80068
34992 26495
10604 4227
23618 20117
40696 39028
980 952
10297 30123
40914 71235
37355 71702
41556 99936
9932 5914
44505 93979
14719 40724
12992 40881
47719 107297
34856 61273
241 756
23949 33533
48156 43238
18975 48757
50018 13910
26425 53078
47403 111275
20382 62274
16551 6566
52281 13338
35431 116101
7975 1808
12830 30403
242 375
4279 5267
33636 53215
37036 22401
62496 32838
64363 4581
32021 49327
15357 11408
55326 115967
2141 1297
15235 33838
29876 83336
14767 34119
38578 67677
18003 36038
24505 27130
19762 35223
54345 163959
49888 68312
15745 1921
48596 89560
1904 1734
35795 119424
2281 5088
34989 85118
60175 95317
44757 67503
41279 15360
4807 11342
7753 18831
850 549
2710 9030
39517 108299
51071 13709
51412 151553
43668 140585
36649 63644
18149 50694
56227 168170
19149 23221
46621 45522
12422 32561
61318 120622
61656 191708
42648 86658
32660 53700
54841 126017
59747 78251
44501 50095
46736 12657
12670 30689
57990 84210
60488 56108
22415 1122
15098 14536
6114 7044
55234 164947
4200 3053
65472 72405
35479 5139
29923 63714
6688 4782
13402 27013
35509 89704
8685 26831
52859 173761
56422 54298
64048 153379
4781 13986
19816 41614
12839 31704
23263 63012
10327 19672
45162 20875
22627 17727
4285 10656
697 712
64428 212569
12511 34335
5199 16779
56089 25258
56814 116821
23292 30935
9497 6126
47793 102639
58336 124304
60483 45545
39774 55041
10534 336
35170 103427
51107 133406
21273 2183
6842 12017
19403 26343
47795 136540
37628 36684
26472 38565
15777 39936
49581 48170
13574 35148
58055 93081
28450 73199
4062 12813
16191 47494
10258 29062
27513 2467
4993 11452
64859 138531
12810 5420
20828 29881
34765 29706
47115 106663
64985 150183
14497 4000
42332 19095
42710 2741
25193 76974
46873 134109
54540 30090
47815 31723
10089 21039
47269 140062
55032 19969
23334 19073
49378 17298
63660 209952
6473 11769
20795 27761
63595 125864
237 673
35727 33876
34339 114981
28186 20683
6037 10864
9336 25974
28176 2021
49545 32376
26652 24318
16032 30023
19868 13647
55626 9519
906 2662
8649 5568
13444 8858
43215 97383
30225 25609
21606 35085
39700 125444
25097 35745
15164 23512
41311 78850
4313 10801
55672 102671
58145 94638
58109 97055
32727 14087
6595 4374
17719 47675
30412 41513
63985 214035
1205 676
29207 58285
12574 29283
59601 175465
25192 48893
17992 39450
42613 136500
11245 2086
36750 92319
46576 29321
23531 37739
6176 5061
6788 5228
56930 167668
16430 49386
29720 6361
26304 74652
37775 23182
34052 82395
59664 51166
1013 954
57852 129510
12348 8886
61178 192679
25129 18496
37468 12487
19876 37495
33123 14750
44617 99450
52044 107552
21509 28790
5735 6785
7935 6954
17162 14631
38524 109232
12479 31069
40003 89550
3810 11317
41890 122208
17039 7509
2323 4560
64955 148839
18436 39102
62761 210401
38993 29734
15315 45313
1652 1745
4609 13092
53233 173946
22715 23202
17932 28328
27139 37327
15416 18175
24840 22069
15845 25779
23214 29372
43916 34456
62797 68579
36401 24026
23338 35158
6916 15494
47611 108004
53789 83994
40922 72711
11595 22732
36290 110817
50186 23273
13070 24236
14340 23773
54492 5931
21256 11398
4236 8838
6131 16789
40580 22761
45495 140306
16398 29583
48409 105603
63937 43351
55606 172708
26137 69752
11604 27838
17740 8503
48627 39228
14374 6412
38370 32971
41691 130432
13017 32438
37462 818
17764 49672
4343 14639
52005 92895
47806 29589
6047 14968
60431 200213
11129 8592
16940 13214
48454 160016
59552 91008
30193 96271
47358 38171
5633 1375
61282 22036
47911 53148
22912 56467
49896 49481
29823 43861
6707 11773
29717 48575
50839 32044
30785 72027
13483 41070
11740 9894
39210 47095
9155 22385
38727 56138
38258 87623
14649 11151
50990 170563
57732 37602
61102 181574
63478 87155
349 166
12319 9321
29255 27307
49024 17766
8972 6477
57288 192691
26950 49705
5460 4578
47207 99144
50591 23162
59223 172322
58310 163547
29146 95352
50226 61246
36539 100017
49834 94728
1168 2499
34134 41014
54497 88124
50184 77601
49312 120352
55446 140857
40129 32965
35973 63260
26433 36159
10007 4474
18206 943
33839 115565
10357 22856
2582 7256
37637 95584
64791 159038
22132 38353
2436 2984
50591 79196
18941 53990
64634 63992
48120 43850
20750 28659
55977 162620
33801 20886
26494 74594
22607 19553
34683 74671
3983 7465
15784 43537
9944 24745
64235 46645
6841 16363
18772 23685
30340 70507
14287 33086
42397 130468
9356 22766
52946 167151
60900 15815
22154 71816
62161 2040
60824 100541
8468 26840
63995 66813
31208 85905
34306 60953
9260 20735
30504 52790
22686 63882
40042 102096
29839 51222
1744 4072
3838 12537
13594 15854
55046 184407
61374 25392
376 1350
4356 12038
7144 6317
42097 41194
64670 216624
58514 64029
9886 32004
17358 41530
10963 31187
34985 71912
52902 169679
6403 9013
15704 43259
23958 35682
41662 90949
31698 43092
18851 1220
27315 68737
15007 47402
24189 59607
52382 49535
26419 30746
25982 61311
12564 15773
30280 55548
33357 93476
28949 43526
52965 94321
28362 18949
61664 129334
58659 119141
13324 10739
10330 32421
21197 57396
3618 4315
21226 27213
51015 152333
942 1635
46022 17388
52917 151431
35580 62165
46365 120708
53101 172252
39614 38483
6267 11275
20212 61046
41679 22823
3667 12475
53593 17467
48854 108171
17655 29242
27169 46728
40305 34423
63792 22973
47953 11418
34656 74829
51214 114142
51888 35208
20153 23904
62321 144856
42682 5542
51523 132158
16367 38239
44391 46604
28765 17445
14778 3183
28480 45948
54353 74942
32468 108483
31632 20163
10537 17041
22772 34362
18488 10471
18210 8651
51115 133166
20191 55145
45094 8860
10237 15946
41965 132521
34144 43605
62268 52116
15115 36601
42492 139330
37872 1609
42199 70965
12092 32729
56690 146415
39757 94946
29055 50846
41438 108261
65187 52142
54374 142471
43809 42511
43648 295
63597 164232
28065 1509
48318 64561
44341 121618
21307 31733
36371 157
62609 174054
58563 100533
51288 155109
8918 22210
59290 114639
50147 54334
3723 3097
39915 49747
1358 3873
21464 45485
5990 15945
63634 28159
9580 23346
11819 28776
41686 64761
3662 6316
17885 38782
55340 155059
10410 10989
7543 15060
24089 23306
55565 152334
40594 22335
53407 52310
33020 36408
16512 36454
7504 7056
44979 115319
39109 88494
63589 69957
39439 121356
29366 80978
65025 186720
44415 84137
42342 114173
25005 53952
44020 124946
62040 127737
43402 66728
45691 5742
46614 52151
23600 28783
43643 105922
44073 13310
32515 62590
57373 179069
4466 9080
33126 61870
4005 2678
5026 14761
55274 72643
27572 16141
60057 121165
214 565
62776 96163
37069 109593
1491 2493
54489 115730
51595 59150
23141 68848
3100 10282
49060 139300
14314 27816
6904 13492
40952 114173
64919 211594
2976 3334
36158 97178
21591 64676
29213 25248
52889 21749
54913 63764
8955 25840
2471 2906
65076 94414
63439 21657
15534 46449
27566 54101
32036 29946
34548 104897
8849 27086
51871 172294
48776 6124
16074 544
28097 9439
3391 9460
47129 66088
59764 97195
19448 52336
1489 5130
16252 45916
32259 61189
29930 50650
11677 2622
29898 84437
20003 3662
8706 29635
57470 132488
50535 158384
57911 62998
41782 93203
46449 160730
39408 138323
5501 18420
38658 1096
8152 25699
9431 5664
58855 66616
33109 14931
5669 17419
10007 7258
32698 84863
50358 10348
14010 8131
32850 115503
18919 38712
17995 17187
43599 76660
38190 120212
32750 124972
27547 69646
3285 6694
30013 6308
44647 114890
59769 141133
33314 89087
61929 102918
60056 38232
930 2662
26756 63344
19360 59591
11964 8994
65534 74300
39319 73378
27317 47095
48989 95239
52267 158881
60460 62657
50029 55326
16858 9581
32920 66778
39319 69901
33272 69265
18510 62019
7206 58542
13931 19897
49023 83244
8909 21192
19896 67271
20997 42275
32039 62299
23798 62461
53723 87942
29933 13027
56396 148562
4870 16089
14763 33492
35133 71039
25035 29246
16224 36826
54857 72062
3871 9209
38663 135220
57935 144280
7061 15717
990 599
48469 164807
63034 193782
11361 18503
62949 100093
2568 6867
2304 4250
33352 92811
51393 168757
13441 45683
20878 6657
58369 147911
55517 101975
55384 92386
60723 71743
8869 767
58162 80926
31599 51645
59394 41831
39072 116820
62507 111825
36768 74351
40046 23656
44742 148167
23721 1483
32056 606
6156 1651
3099 6878
45874 48061
45118 135293
36859 121801
54254 130506
37731 113500
24040 49702
12333 37815
12570 26873
61066 116558
19122 8508
17492 5703
5381 4708
12111 2501
12629 1837
41096 58858
31949 18937
45746 93553
62002 169454
13551 13424
7491 7497
26627 62746
39717 92302
48787 153750
61266 39849
36279 43773
63362 71998
31948 12519
1873 6445
891 646
54481 142292
36252 69686
10234 7826
19993 5578
54291 46606
19266 43191
36317 116361
1867 4138
31725 108611
63317 14779
44119 47403
64116 47137
23858 7453
28213 3491
28238 5207
51716 48845
23535 31803
26979 86078
7092 10752
7213 1629
41540 5775
940 2284
58722 176549
51361 161903
5832 4943
14948 34900
40502 49992
50447 120730
51197 45307
15132 44739
44924 6262
29163 55250
32942 13064
45638 74912
35222 33443
57751 182409
28714 67312
37273 51697
6041 16023
59891 45439
4252 5943
58350 194676
17901 24494
42670 122371
3782 4995
39111 35912
51035 141370
55553 81429
30267 87205
30388 51511
20782 42208
57512 49046
65123 206849
31938 70924
25911 47757
56089 127018
56326 156807
58224 166507
39219 98506
7365 13182
64911 93787
42980 81815
21949 22124
7691 10455
41875 55552
63906 180541
42279 118241
16652 1872
53842 122284
61610 162059
3010 7143
42439 92308
44779 92515
35963 18517
27355 86704
18407 54022
49223 132074
16658 20166
23896 28780
30944 80268
60594 65027
40758 1706
7148 12882
58834 136880
11913 12866
27755 86558
7094 14473
13717 1070
31022 69578
44942 52075
50730 56741
11254 37154
43593 98355
8700 25214
11722 14664
59282 19114
4945 9805
16277 21761
20715 50972
37325 24342
38300 62506
59288 29007
56990 187224
10012 17351
14254 29595
44812 72979
11280 20187
44080 45507
726 1344
30154 35515
38437 120509
15100 4053
16301 36007
49499 7520
1953 1360
29264 36968
57131 83101
9544 3207
29286 5629
6084 2428
21682 9308
21819 55656
22087 21554
15595 3970
30569 37824
24891 69586
50835 84463
10570 4052
30318 3964
27039 16525
62532 60539
39595 73476
58160 127656
42557 93918
64309 104631
20718 38173
51771 54274
42513 100820
5654 3644
28274 7967
46654 52059
7293 5187
25765 5820
45491 94253
40137 35891
57243 68974
36514 88671
45802 23790
49195 104214
47966 133793
15230 8543
46638 108118
45936 109447
5410 9592
5394 6632
28580 95207
32056 21349
8101 20853
48849 165256
60648 7150
40493 72957
12145 17813
59889 170143
15730 49287
3244 8443
25859 13079
13303 28196
56779 143692
60915 153197
54269 133826
59920 140233
60426 60816
31399 23199
778 2185
10211 8247
27808 86259
16734 45529
59609 106640
19124 80657
50892 124196
45175 32816
11782 11931
53892 83270
24439 49491
26563 88073
13965 5160
42947 61011
49655 84754
57791 86121
3342 4734
64193 175867
7544 4628
2455 7503
37845 23666
39364 149620
28422 40387
45753 18348
46953 86213
29073 90493
48353 5615
48632 155086
30790 46542
4915 12084
14584 17832
61398 64720
44724 135194
31492 74212
14432 11950
58182 71880
51382 9585
44605 90011
28243 15146
57445 56220
4754 2117
31281 3473
34763 116293
19050 38617
57429 21478
49143 89338
11986 9100
20973 27896
47755 139103
17916 20362
15368 35095
50784 144650
56702 1167
44212 69051
13360 2419
29961 32656
43824 50217
22698 1783
50138 125960
15719 12831
24108 47194
35769 43928
15819 47164
5151 8309
49927 11826
27788 86738
26068 33982
13412 39520
30609 26137
63239 214848
60416 153217
64993 55409
31472 28241
31351 92011
26378 15183
46109 15408
39454 8567
15210 30158
8151 12007
16160 27746
34765 97430
45737 30868
27109 57895
45332 103253
27649 7477
33618 61219
16182 3616
45807 74745
31801 1866
64766 47507
23486 6578
28266 32257
35361 88801
8355 17198
2120 1920
2644 1216
47797 159643
26714 39130
40784 72062
47773 12097
42981 58551
35050 69806
491 1589
54763 61859
54789 154412
27150 4697
3957 10846
29498 91672
54012 154507
26192 3080
29050 80068
39746 117236
8925 26469
60997 4562
34419 82562
21304 70070
30377 22350
15693 31075
27928 85932
23881 52084
51274 112472
44566 25480
63462 17942
37529 61637
48478 85758
25611 41801
26116 69462
23032 76714
22338 68423
61614 43649
25441 74589
18202 18565
37159 71347
44797 71335
5671 10759
19628 19310
7314 6984
40242 94061
63416 33638
4727 6634
31629 29142
46382 73826
21502 44812
33088 79428
25160 9927
22355 64088
23161 33582
59807 81613
36161 45481
31636 102667
47921 38994
48881 28615
43423 111268
25153 4740
33977 46869
4491 9928
405 399
47361 116199
48259 8630
34704 60405
57212 106016
55841 65209
49331 110475
10516 23093
36704 61236
63933 86278
50190 57538
7348 425
65373 24037
44652 91460
42267 88936
45794 8691
39655 30632
52256 115798
40917 43699
20412 2040
34518 116909
52816 100737
20952 32186
38717 112128
59948 92630
61108 157533
5584 8544
61345 84016
40141 97144
30517 82189
31421 7533
44469 141454
53262 108237
26242 9198
39041 10138
9937 30526
46793 67130
55450 155411
39614 130766
51550 117777
10040 4731
6387 14026
46901 116727
37221 104653
3799 8739
43456 87864
31893 28727
35307 72141
61838 142633
58550 41881
32526 56701
10973 8486
10957 26056
29068 36274
7716 13157
63375 62199
48000 150272
41831 138413
63468 211842
22297 20508
29031 86264
29469 59919
57202 10968
53035 111967
22364 18571
36213 74139
33056 82077
33955 44556
45743 65902
57193 32888
24057 42001
19724 10830
13367 29650
35312 5304
7740 18070
17352 34736
44847 117090
57578 169797
27947 4647
40803 79240
36425 61936
37026 86368
15718 27106
14196 5206
50564 147600
22998 30876
32738 96649
62152 172044
19381 48504
3555 7278
47463 15473
27219 42527
59763 124741
57258 132385
9728 23966
16328 23365
28297 88715
33344 99653
54738 137559
52701 102441
32476 90592
40878 25030
40862 107157
41808 108407
24503 82886
61084 26924
36446 35850
15161 46648
15130 9546
49658 95273
32289 96841
628 1204
52295 64441
24185 24843
10829 25511
57947 15704
62892 141093
22853 39388
33912 61618
36478 31139
25771 18683
57999 21785
25178 15110
34946 84734
36454 109728
53735 13454
44687 79337
62156 37973
40067 130265
23138 36024
90 225
55769 68124
14397 9741
65140 69135
1095 1049
33308 2472
46450 8400
47720 11186
56277 27754
29652 70806
35241 78024
57457 120775
12919 21778
3660 10289
13518 45686
48784 107206
41294 47834
37393 56975
58917 99555
18372 20984
8685 11932
31769 26849
13553 25769
51121 148889
42009 84582
43269 841
25914 13382
53236 119427
35234 99994
48843 63058
16150 41936
27210 8085
23671 48936
47607 83995
12172 4639
50839 62092
23606 23636
162 510
12982 35503
32809 48173
25023 83545
3036 8924
36072 59952
39475 39358
28797 14896
23534 4182
16183 22302
16212 20714
40971 120833
40247 48749
56544 13580
14646 10614
12159 15988
16092 43305
22407 23860
1996 4804
19229 14795
44240 109886
20503 23680
10658 29424
43208 67307
30559 88271
3907 5280
30643 13079
10620 35844
6747 17301
9076 22148
49244 130221
16081 3230
13151 680
55842 89838
60956 22777
22991 52906
64999 136038
36617 111148
847 2492
44340 141485
52448 164150
11438 6667
32519 26310
25894 52305
61414 157125
56632 104595
16510 31510
29435 260
533 1623
38977 103667
8137 20644
56313 113336
46346 20488
63920 27156
8672 2266
64491 172229
35138 99943
32729 60468
59138 9595
54448 121962
54819 52635
52869 80200
18518 44860
23484 41337
61551 96154
43494 60147
21394 53698
45778 137801
3125 3427
53030 26337
60371 50975
30078 19409
65257 11733
63206 154266
53856 35853
23541 27493
35861 63792
22759 34016
62001 46777
11362 6477
11245 36789
41031 97176
13741 9213
48805 111507
53231 162485
4877 3156
19476 54933
40428 114836
12083 8114
63592 34180
18381 49132
59648 43651
6149 7664
50408 158683
25736 80175
10223 30937
5940 7222
28725 45507
44024 134030
11435 5125
44510 40114
50384 110098
55602 24129
36678 19188
4452 10202
9143 13457
5064 8483
8243 6917
239 208
41842 136956
27519 33611
63963 115616
12936 18229
11547 33175
64555 187149
5033 11762
27705 66172
1888 1404
40711 127089
65123 5009
34998 63548
18882 36906
5602 3916
23489 23769
51118 735
39557 87041
13384 7288
44780 64599
6119 10192
29214 38984
25112 3658
46419 38758
60825 97073
64211 137248
46021 100231
47875 45607
60489 166339
41494 132405
54136 91679
31023 73806
4287 3075
20499 59521
61234 112889
58477 176821
45262 79123
50876 121800
1759 3133
28824 40656
10835 27908
27417 25138
60562 185278
29875 34079
64767 126768
64028 104024
5626 9001
43944 75908
24159 3969
33449 106614
65189 9179
49246 109928
7229 16150
13460 14749
45448 57356
36697 77356
28071 3804
3371 162
36459 3064
25819 13411
3941 9664
45105 33687
38850 46475
15246 20328
34240 74705
39909 79800
59915 90315
24908 23709
62969 41359
32922 52467
36869 67321
60108 115330
53406 55244
30520 45110
41756 87567
11745 25899
63790 85935
46164 7943
14887 29523
16907 12604
49 252
62358 116392
7986 4348
44218 48640
1029 429
34555 93241
63103 122050
61208 113627
18084 53925
44922 105868
47707 46264
14687 1717
11582 19963
50096 53425
29383 96064
15265 26326
13293 42611
13624 20531
25223 42446
19361 57697
63406 97543
44775 133864
2415 5735
9159 6895
63660 196066
2193 1648
15995 41407
31100 99228
18643 46475
8527 20672
34982 3936
45102 117048
19218 4588
2191 3634
22273 4487
14260 12706
27321 86660
47446 10136
1935 5578
16014 14313
31899 60159
25337 8467
33731 98326
31563 35318
44391 3355
51365 96630
30356 53723
24890 51559
28920 28535
24781 29872
3575 10620
17547 56112
49279 31427
17231 39079
32234 72460
11537 24505
58715 160080
51152 14386
51252 84795
29634 22890
28316 36415
42605 123276
28061 78379
34250 10030
14633 34793
62646 110880
41567 79342
28502 43740
47459 78582
39379 29049
10174 20856
35807 30419
27188 20611
24046 60196
7351 4518
10435 12473
25285 32388
4901 10301
32095 91869
27633 66214
17061 16899
32125 42421
15658 9160
22671 62030
34982 81639
53367 114606
13454 2607
57668 105630
63285 164363
17878 13943
35451 103406
52013 21877
13133 21558
60129 145550
45557 68680
25110 77146
43597 39224
59109 149727
25603 4881
28246 46838
20367 30558
33244 48362
19247 1713
43054 90708
1020 3323
54762 51465
18493 9775
58171 26872
24273 79188
35367 112251
19627 39864
3224 4576
36499 68901
30983 6480
61873 57218
32027 79423
8960 21118
40136 50578
65521 166419
1736 3022
29801 6928
25933 88005
43791 123078
46878 106153
40332 100302
63854 49982
63803 110286
6033 16402
50562 159471
13469 4230
63858 95334
56034 25703
16388 43710
62293 172844
25076 23349
35880 22085
6729 22766
342 1219
47086 3792
33032 60319
60317 34351
36611 110318
11752 6464
34166 23472
64207 54473
48099 55088
8459 18732
50611 11931
25751 1768
20864 42214
54023 97988
58398 6931
9627 25572
42565 13843
19308 38215
15901 45407
36184 13318
20026 6941
44136 25695
35667 33795
28728 34104
46229 54045
44035 32466
12851 11430
41987 16482
53817 74656
47854 111689
19285 41667
33368 96588
20741 32047
22463 48829
18946 42907
14224 6277
50139 29032
59595 71364
13344 10251
34448 35527
8596 20267
9253 29137
38994 78661
52353 40445
13759 21686
12470 18182
10772 15095
19661 59943
12982 873
17504 35042
23021 38632
14989 31794
55346 551
25885 81327
62380 123738
61962 205376
12264 5105
3948 6725
18464 22149
6979 7544
12381 22235
39638 10684
62398 175102
30348 4737
26376 47678
39865 38632
5364 3025
47742 55312
27333 47989
30308 24861
22004 62537
24418 74953
60968 200694
64474 182029
37189 27727
34186 60570
47167 40954
20842 64516
41678 47682
59382 96130
33080 89198
59165 140346
16075 34737
13126 1854
3772 6321
4177 8942
26464 49997
34546 20141
60968 12831
14272 42680
53479 55276
64955 43601
32826 5696
22633 3725
29618 87592
35356 78882
24164 77885
2855 8580
63597 92646
56963 12645
48810 139613
26704 4512
54211 169201
31176 73941
8429 16828
59754 59309
11572 9099
59803 18627
8303 11199
543 374
58531 163571
34661 112227
34674 113053
53279 27670
17180 21125
2968 7257
41414 48267
52388 161099
14444 32931
63441 184867
29081 29148
50187 135289
21709 69303
17695 57622
57735 179465
23807 2607
16668 19476
58875 52229
43769 74437
4416 12759
62721 131094
10041 6510
34216 48111
60729 59116
31865 18708
45546 47101
6642 9803
21243 38656
2347 5559
12317 16932
52859 78321
62401 78026
27415 18934
31474 94541
26319 87246
63191 107486
809 1202
1121 1340
36260 94605
17520 16632
33845 94434
34176 58208
17785 35916
24597 47217
27209 24497
5913 13954
48277 56834
25013 17799
7441 4987
21436 69467
42356 10080
3299 5280
17089 41068
59296 124159
41261 51567
63623 62869
32328 12691
18415 32908
29462 34961
21630 1434
63607 20502
12621 34201
38236 2962
61841 194055
60236 147832
32344 42846
45344 48808
5509 17216
25484 81533
41790 52859
56125 144606
41899 52197
52807 90135
29143 87182
27068 15658
19911 18884
47471 99039
34164 39022
59421 155613
17871 16944
21182 31600
8207 13483
29951 19838
11295 25294
64276 133078
2472 8210
7439 3789
63268 126284
45099 38710
62817 148198
23406 69058
58895 191438
41551 77592
55465 36012
20533 63887
13967 32704
59265 12791
45905 130280
23006 29532
22630 28434
9349 23746
10576 8765
43461 139339
4218 10528
62311 92028
22287 69521
4274 1411
58654 103392
52811 6635
63840 171058
35712 103377
46986 105283
22988 789
65438 106197
48503 104675
60127 7925
37990 25092
61129 13189
880 557
7975 12450
22013 34224
4917 14652
61275 50137
56523 20419
661 267
25618 47750
64743 175406
35764 109809
36481 14363
32584 31718
49209 110182
28039 85620
11044 34785
60199 16496
59801 55805
51384 111342
27025 10784
15183 30714
8138 25735
48614 84372
38541 11188
247 373
51741 82502
62184 14035
19078 63520
31123 21293
62426 129169
58399 113831
2329 1287
53591 187424
8872 6468
15147 39879
37433 107207
23731 4866
31628 36190
45733 27751
12580 5450
7392 5514
36558 41075
52961 92046
2174 1066
14481 2407
2564 5576
26936 50827
61854 208393
18036 32118
20004 32200
55146 64021
1538 387
59543 95824
18048 20535
65017 58319
7074 4041
58847 62598
59252 130644
29063 5012
12484 35471
35772 42669
63780 58129
20741 18484
55226 53209
19661 5360
18628 27326
62059 63612
54748 108624
2136 6364
56567 38472
24964 79239
30608 44283
3414 11149
47700 155915
61988 18562
40368 44017
15775 21386
29250 11552
38212 108968
36272 73129
19120 4420
22742 57806
21109 37424
16626 49767
12378 19340
56496 88077
22837 3074
