N TIME
3105 92951
5589 122954
1490 39092
4894 397625
25288 946814
45037 2783848
1668 38581
11670 321825
14773 312159
33964 895834
31051 1663987
59926 4573973
39200 2859390
16053 1223186
60522 1557405
40562 1878656
18090 831481
20849 313200
18535 766873
19664 171319
7725 363787
26481 1645864
15751 752824
21134 937332
21980 352288
37067 491385
56754 4526772
36008 914737
41401 3078932
34227 11818
33484 4686985
28539 427519
43675 3087587
45930 2768318
50366 3425263
55305 2618893
8742 495515
11327 410039
39076 1539729
43923 3093501
51101 1754961
60597 3340594
43618 1069733
46553 2217176
43003 1122263
10010 93077
2138 40273
42990 172422
63025 632942
24536 1058366
38530 2585421
5439 28769
17773 442603
57540 2024888
56331 724003
19919 1461077
48280 2822691
8028 517445
40868 2343351
23392 1440364
21315 905481
41520 582371
25481 917602
25722 344439
10177 137605
11073 97112
7878 337732
52592 3721778
30867 1028420
22577 1054252
59210 584462
37633 1351299
64507 4996579
33265 1899715
58746 2668666
32452 1948720
54826 1299895
64006 975882
25368 1522382
17377 1072896
23998 1624826
39015 2116569
10337 620984
45975 3018667
11628 184299
33065 516527
308 15504
6889 246733
18150 247549
38999 1311638
2285 9195
58354 3847402
65359 4985108
24117 640638
60255 3282758
5797 310903
9889 765792
20403 1004521
10108 32000
64786 2076530
60124 1853672
18251 314191
14847 502242
36888 1001703
14807 1016184
22242 1254949
38067 2004033
44520 2027768
19431 1229759
15103 854512
39736 1462917
43852 1639514
13375 27947
62461 2427257
61515 2646516
48476 972341
54383 2352438
45996 3627819
23761 541051
60155 221903
13484 641122
15690 63855
27737 1200543
57090 296318
38890 1526069
20934 624373
12218 561871
53173 614311
61376 3703222
8606 282808
22001 94544
52884 1312574
56448 2084372
2964 100687
11364 823899
23097 1140735
20042 385177
37503 2524219
45842 1062582
10318 189290
43465 1099197
48796 2449846
52941 140916
37811 1569872
42488 1736876
51766 1033444
15553 1201405
43184 395941
44681 2660570
13327 280237
13973 928273
49679 1329140
58889 324519
12953 304776
9769 298481
32203 395171
63320 3009915
1088 6134
38114 1421271
40400 2883458
17252 99471
52419 2365446
46676 589925
64120 3917881
64146 1120566
4900 277676
43273 2085012
22920 1646955
26138 479426
56376 2140413
3647 212596
39568 1429865
4910 167200
56293 1265327
43132 1104699
45698 72020
49518 3053845
49563 2818524
48449 3457828
55170 1647331
39736 1587256
4678 183295
60205 2618943
23792 234938
3945 200746
47693 1815476
27528 682419
45207 3313236
58200 3638685
21282 913329
5971 373414
7404 355791
43195 3271180
32034 1935418
27532 2181950
6741 397639
29745 1993768
44354 2758401
3557 173759
40201 3037835
53743 3096446
3484 63914
23291 1041131
20099 883353
11492 329999
61328 2685667
9249 285576
51488 814343
36569 1877803
34992 617950
10604 95229
23618 455232
40696 942922
980 15941
10297 701123
40914 1640187
37355 1674545
41556 2350995
9932 132866
44505 2205631
14719 945033
12992 959623
47719 2503622
34856 1357149
241 13794
23949 769245
48156 1003889
18975 1179118
50018 316427
26425 1247371
47403 2557723
20382 1440213
16551 146307
52281 293513
35431 2724624
7975 36220
12830 708600
242 6278
4279 113426
33636 1243593
37036 520017
62496 728691
64363 90413
32021 1150761
15357 254631
55326 2712140
2141 23630
15235 797727
29876 1968563
14767 807858
38578 1574549
18003 836116
24505 625106
19762 820295
54345 3867181
49888 1541925
15745 35293
48596 2067047
1904 35821
35795 2829540
2281 111249
34989 2038224
60175 2221069
44757 1557718
41279 355226
4807 251034
7753 428938
850 10150
2710 206283
39517 2603133
51071 300854
51412 3584629
43668 3368972
36649 1492369
18149 1172860
56227 3893540
19149 539779
46621 1043390
12422 753312
61318 2732131
61656 4440816
42648 2039934
32660 1259776
54841 2972101
59747 1830267
44501 1172093
46736 300374
12670 707170
57990 1933890
60488 1299004
22415 18519
15098 334546
6114 159084
55234 3734283
4200 63048
65472 1671943
35479 108205
29923 1490762
6688 104746
13402 626609
35509 2054016
8685 610174
52859 3987339
56422 1253426
64048 3559111
4781 311171
19816 945713
12839 740386
23263 1451432
10327 462312
45162 474026
22627 405852
4285 236183
697 11901
64428 4882851
12511 740958
5199 376868
56089 577781
56814 2699186
23292 706379
9497 137863
47793 2380673
58336 2900723
60483 1049844
39774 1306979
10534 5648
35170 2433659
51107 3132536
21273 43152
6842 269477
19403 592406
47795 3184627
37628 804657
26472 892842
15777 935975
49581 1115549
13574 833295
58055 2195768
28450 1722991
4062 294919
16191 1117701
10258 681197
27513 51222
4993 264100
64859 3230454
12810 113187
20828 699965
34765 690802
47115 2554598
64985 3485912
14497 83836
42332 426638
42710 51469
25193 1805433
46873 3133059
54540 690385
47815 725032
10089 491017
47269 3285734
55032 457062
23334 439667
49378 393139
63660 4878086
6473 267994
20795 648884
63595 2922987
237 7658
35727 769076
34339 2689526
28186 485128
6037 243118
9336 606537
28176 41559
49545 742938
26652 561028
16032 702336
19868 309479
55626 219996
906 56451
8649 119775
13444 190450
43215 2219139
30225 567272
21606 813643
39700 2904799
25097 830006
15164 546574
41311 1810805
4313 248583
55672 2429783
58145 2170071
58109 2299224
32727 322694
6595 95532
17719 1100061
30412 959974
63985 4981867
1205 11226
29207 1366344
12574 678659
59601 4129614
25192 1125779
17992 929461
42613 3173380
11245 42476
36750 2148818
46576 673788
23531 881129
6176 113288
6788 117283
56930 3938249
16430 1150996
29720 142260
26304 1766206
37775 543828
34052 1952909
59664 1203739
1013 16523
57852 3069020
12348 200049
61178 4556946
25129 426652
37468 277354
19876 866166
33123 342948
44617 2309612
52044 2481182
21509 653189
5735 155052
7935 154929
17162 335322
38524 2556929
12479 725592
40003 2117530
3810 262410
41890 2891543
17039 192822
2323 100657
64955 3491619
18436 913874
62761 4988644
38993 678140
15315 1051545
1652 34472
4609 304865
53233 4097122
22715 547357
17932 668158
27139 868644
15416 396302
24840 512862
15845 606986
23214 680226
43916 808025
62797 1578058
36401 556970
23338 813535
6916 371599
47611 2503015
53789 1942505
40922 1745248
11595 504338
36290 2617393
50186 541957
13070 556168
14340 554067
54492 127331
21256 256578
4236 200215
6131 377010
40580 522346
45495 3280313
16398 701726
48409 2495895
63937 1008857
55606 4028359
26137 1623713
11604 650142
17740 195324
48627 911213
14374 141928
38370 757282
41691 3021069
13017 754394
37462 11890
17764 1156395
4343 340539
52005 2178636
47806 690261
6047 341330
60431 4702486
11129 199847
16940 302781
48454 3751819
59552 2166880
30193 2276930
47358 868698
5633 26873
61282 513491
47911 1259823
22912 1366414
49896 1135628
29823 992238
6707 272050
29717 1146222
50839 747690
30785 1693969
13483 969267
11740 226641
39210 1096564
9155 520231
38727 1292186
38258 2057460
14649 247653
50990 4010520
57732 864144
61102 4091548
63478 2039496
349 3351
12319 199291
29255 639832
49024 399696
8972 135934
57288 4494181
26950 1163805
5460 103288
47207 2301615
50591 526376
59223 4046240
58310 3871335
29146 2242084
50226 1401467
36539 2297725
49834 2238403
1168 51313
34134 932762
54497 2001365
50184 1816774
49312 2789327
55446 3295678
40129 773313
35973 1480326
26433 855235
10007 102029
18206 14713
33839 2672524
10357 529082
2582 167172
37637 2246566
64791 3716303
22132 897220
2436 63326
50591 1808658
18941 1234219
64634 1472443
48120 1027388
20750 667451
55977 3744607
33801 480384
26494 1756985
22607 445926
34683 1733449
3983 166316
15784 1020298
9944 564204
64235 1076995
6841 375642
18772 548235
30340 1667885
14287 756810
42397 3045019
9356 526358
52946 3792699
60900 354847
22154 1657334
62161 40993
60824 2357584
8468 619170
63995 1537078
31208 2008969
34306 1394945
9260 478842
30504 1235177
22686 1491271
40042 2379493
29839 1201072
1744 86944
3838 310680
13594 353247
55046 4267649
61374 562108
376 24972
4356 276028
7144 133029
42097 928310
64670 5092714
58514 1509274
9886 730315
17358 945781
10963 718328
34985 1682366
52902 3961769
6403 199549
15704 1072120
23958 841217
41662 2152812
31698 1002277
18851 22202
27315 1637192
15007 1115130
24189 1402201
52382 1103268
26419 702826
25982 1392568
12564 350869
30280 1290920
33357 2201534
28949 1006367
52965 2202908
28362 439589
61664 3030028
58659 2849914
13324 237654
10330 749056
21197 1348993
3618 93183
21226 625248
51015 3579749
942 32450
46022 393703
52917 3507027
35580 1437932
46365 2813360
53101 3999358
39614 893052
6267 259032
20212 1422326
41679 545529
3667 286188
53593 392043
48854 2523532
17655 668393
27169 1100809
40305 794520
63792 522304
47953 239540
34656 1651888
51214 2629734
51888 812704
20153 546926
62321 3369653
42682 118465
51523 3078159
16367 891985
44391 1069493
28765 402552
14778 67507
28480 1071799
54353 1765527
32468 2471459
31632 455547
10537 398975
22772 794391
18488 243373
18210 193302
51115 3114253
20191 1294708
45094 190805
10237 366343
41965 3062278
34144 1010488
62268 1206378
15115 834871
42492 3219452
37872 28378
42199 1660165
12092 750503
56690 3355493
39757 2168210
29055 1172444
41438 2528922
65187 1215287
54374 3269385
43809 958814
43648 4529
63597 3790172
28065 26360
48318 1512742
44341 2853453
21307 726274
36371 2185
62609 4053327
58563 2322958
51288 3645210
8918 511820
59290 2667497
50147 1245874
3723 66366
39915 1116357
1358 83222
21464 1034867
5990 364685
63634 648994
9580 540862
11819 659856
41686 1505863
3662 139464
17885 900651
55340 3727018
10410 251088
7543 351374
24089 548676
55565 3513174
40594 508003
53407 1229555
33020 847283
16512 856960
7504 158997
44979 2702808
39109 2070814
63589 1632345
39439 2848978
29366 1891778
65025 4374479
44415 1983958
42342 2710127
25005 1241177
44020 2934374
62040 2977214
43402 1570843
45691 127066
46614 1202649
23600 668897
43643 2494886
44073 308235
32515 1468819
57373 4218889
4466 207509
33126 1392572
4005 56304
5026 345887
55274 1727192
27572 383723
60057 2761492
214 10710
62776 2261327
37069 2584834
1491 53365
54489 2642321
51595 1420405
23141 1621951
3100 237449
49060 3229997
14314 648277
6904 301317
40952 2651816
64919 4936386
2976 69685
36158 2293717
21591 1504299
29213 571900
52889 502941
54913 1449463
8955 603385
2471 62552
65076 2212358
63439 487352
15534 1086969
27566 1274571
32036 711872
34548 2427725
8849 625057
51871 3976502
48776 130155
16074 7423
28097 136787
3391 205587
47129 1517846
59764 2199509
19448 1208867
1489 109810
16252 1054815
32259 1397806
29930 1157810
11677 49894
29898 1946561
20003 72959
8706 681296
57470 3056956
50535 3596302
57911 1429518
41782 2088554
46449 3224807
39408 3168742
5501 413765
38658 11279
8152 584031
9431 120272
58855 1520058
33109 330813
5669 395182
10007 153022
32698 1207788
50358 223552
14010 173736
32850 2558664
18919 882000
17995 387265
43599 1744403
38190 2737034
32750 2282436
27547 1568897
3285 143940
30013 130078
44647 2608912
59769 3258254
33314 2042817
61929 2349812
60056 876254
930 51723
26756 1456475
19360 1379900
11964 203376
65534 1708660
39319 1683221
27317 1076442
48989 2195606
52267 3658442
60460 1486042
50029 1231064
16858 201621
32920 1525522
39319 1604499
33272 1597009
18510 1418426
7206 461925
13931 446210
49023 1875103
8909 459090
19896 1540504
20997 962234
32039 1411229
23798 1435481
53723 2028347
29933 291820
56396 3414427
4870 369507
14763 776167
35133 1610686
25035 664090
16224 838956
54857 1656402
3871 204195
38663 3009457
57935 3231791
7061 356754
990 8895
48469 3807715
63034 4458336
11361 415088
62949 2214907
2568 149372
2304 92292
33352 2132582
51393 3891952
13441 1042614
20878 144204
58369 3357138
55517 2230709
55384 2128353
60723 1646728
8869 10513
58162 1832566
31599 1171720
59394 964508
39072 2733809
62507 2598052
36768 1725470
40046 532722
44742 3384418
23721 22899
32056 5705
6156 28640
3099 148261
45874 1084793
45118 3127473
36859 2823743
54254 3021246
37731 2612021
24040 1129908
12333 862310
12570 604562
61066 2654790
19122 179710
17492 122164
5381 100842
12111 39171
12629 32814
41096 1343483
31949 426556
45746 2206354
62002 3884863
13551 311880
7491 165362
26627 1038831
39717 2113503
48787 3538611
61266 907658
36279 984467
63362 1656759
31948 277624
1873 143057
891 8564
54481 3304291
36252 1562209
10234 174923
19993 118844
54291 866155
19266 991916
36317 2700316
1867 96120
31725 2498034
63317 328505
44119 1109771
64116 1077630
23858 158329
28213 70831
28238 107035
51716 1132916
23535 709140
26979 1980223
7092 228766
7213 27295
41540 123980
940 47445
58722 4082989
51361 3722360
5832 106168
14948 789612
40502 1134484
50447 2789218
51197 1068330
15132 1004762
44924 135518
29163 1251262
32942 294080
45638 1679341
35222 764793
57751 4207013
28714 1522303
37273 1157194
6041 365305
59891 1041733
4252 131031
58350 4416448
17901 555052
42670 2817280
3782 108575
39111 815184
51035 3264880
55553 1864415
30267 1993027
30388 1176741
20782 970995
57512 1120934
65123 4747461
31938 1622773
25911 1100182
56089 2834763
56326 3580636
58224 3789461
39219 2260000
7365 239767
64911 2175938
42980 1855281
21949 504393
7691 234408
41875 1259395
63906 4151661
42279 2773176
16652 32129
53842 2770827
61610 3719857
3010 158975
42439 2122302
44779 2142827
35963 421037
27355 1959704
18407 1233232
49223 3015790
16658 452002
23896 647305
30944 1812820
60594 1496573
40758 28262
7148 282541
58834 3163858
11913 296599
27755 1983237
7094 319456
13717 14506
31022 1551462
44942 1184631
50730 1297250
11254 853742
43593 2262368
8700 573229
11722 328735
59282 428553
4945 211098
16277 480213
20715 1167754
37325 536608
38300 1413724
59288 654172
56990 4320021
10012 390329
14254 671516
44812 1672287
11280 460468
44080 1038609
726 24465
30154 828214
38437 2801361
15100 83450
16301 848446
49499 160593
1953 21242
29264 845896
57131 1912583
9544 66286
29286 120825
6084 45633
21682 203622
21819 1274501
22087 481306
15595 77658
30569 853723
24891 1604134
50835 1930685
10570 79765
30318 78541
27039 365689
62532 1414097
39595 1681450
58160 2946142
42557 2146074
64309 2389971
20718 862596
51771 1236843
42513 2307012
5654 72728
28274 174056
46654 1196611
7293 109178
25765 123735
45491 2154229
40137 813563
57243 1577106
36514 2039641
45802 541029
49195 2416212
47966 2725660
15230 191791
46638 2495870
45936 2524677
5410 220197
5394 140921
28580 2213155
32056 478801
8101 483208
48849 3783177
60648 155018
40493 1674570
12145 399403
59889 3885824
15730 1146477
3244 185187
25859 291830
13303 645922
56779 3321794
60915 3504636
54269 3064860
59920 3210531
60426 1379612
31399 515001
778 42057
10211 174802
27808 1980743
16734 1056626
59609 2451631
19124 863326
50892 2858322
45175 735526
11782 257054
53892 1910658
24439 1138756
26563 2042489
13965 112197
42947 1406829
49655 1961765
57791 1941940
3342 102973
64193 4022482
7544 98597
2455 166395
37845 533959
39364 3024136
28422 914522
45753 425095
46953 1962420
29073 2060754
48353 119855
48632 3529415
30790 1067470
4915 276004
14584 406739
61398 1453326
44724 3111525
31492 1712969
14432 256293
58182 1643351
51382 202040
44605 2045282
28243 340090
57445 1291060
4754 40242
31281 69597
34763 2714551
19050 882736
57429 482553
49143 1986655
11986 201912
20973 620685
47755 3224423
17916 464431
15368 821006
50784 3310860
56702 17018
44212 1583488
13360 47100
29961 736366
43824 1132298
22698 29353
50138 2838047
15719 280570
24108 1080629
35769 993370
15819 1064945
5151 180626
49927 263171
27788 1984544
26068 752914
13412 955243
30609 589707
63239 5042586
60416 3513003
64993 1284450
31472 627242
31351 2071884
26378 341979
46109 339419
39454 181844
15210 687325
8151 267367
16160 638310
34765 2249177
45737 713201
27109 1344236
45332 2407094
27649 161377
33618 1390030
16182 74501
45807 1560186
31801 30710
64766 1079314
23486 140858
28266 721555
35361 2119359
8355 395966
2120 40067
2644 20824
47797 3709865
26714 890259
40784 1640715
47773 264011
42981 1328370
35050 1597122
491 31723
54763 1420509
54789 3546879
27150 97866
3957 242682
29498 2123282
54012 3580323
26192 56763
29050 1820205
39746 2709405
8925 597696
60997 94958
34419 1889919
21304 1610796
30377 497290
15693 715095
27928 1976838
23881 1196261
51274 2570246
44566 578980
63462 407407
37529 1422021
48478 2001145
25611 939840
26116 1603448
23032 1752584
22338 1611093
61614 1002161
25441 1719614
18202 412699
37159 1659986
44797 1622123
5671 242998
19628 438232
7314 143585
40242 2169212
63416 743768
4727 144827
31629 663960
46382 1660367
21502 1020695
33088 1812876
25160 221136
22355 1468969
23161 765742
59807 1869556
36161 1047719
31636 2399888
47921 888229
48881 650088
43423 2545407
25153 98178
33977 1073712
4491 224473
405 7153
47361 2687584
48259 188879
34704 1369726
57212 2414119
55841 1481235
49331 2506874
10516 538833
36704 1400097
63933 1975314
50190 1316702
7348 5073
65373 543522
44652 2094995
42267 2049165
45794 183645
39655 686995
52256 2643111
40917 984526
20412 38119
34518 2733959
52816 2328697
20952 718200
38717 2603984
59948 2084981
61108 3618365
5584 192372
61345 1922560
40141 2241522
30517 1935938
31421 170158
44469 3279065
53262 2477722
26242 197880
39041 225056
9937 709741
46793 1507925
55450 3592809
39614 3038730
51550 2731334
10040 91222
6387 304599
46901 2668474
37221 2398378
3799 189356
43456 2023158
31893 625546
35307 1668739
61838 3258222
58550 958559
32526 1292790
10973 192398
10957 594928
29068 834427
7716 304473
63375 1425887
48000 3449433
41831 3172892
63468 4862610
22297 463732
29031 2006151
29469 1369205
57202 242848
53035 2649578
22364 407482
36213 1712291
33056 1914733
33955 1039070
45743 1739312
57193 723537
24057 960379
19724 244536
13367 688954
35312 113465
7740 417325
17352 823305
44847 2710974
57578 3919095
27947 103845
40803 1850725
36425 1481939
37026 1948795
15718 604532
14196 111730
50564 3402409
22998 711742
32738 2225581
62152 3991740
19381 1137101
3555 165812
47463 350627
27219 984937
59763 2872006
57258 3062592
9728 559403
16328 539133
28297 2076192
33344 2315413
54738 3154401
52701 2363839
32476 2087751
40878 584853
40862 2425044
41808 2467246
24503 1925672
61084 589499
36446 822538
15161 1094669
15130 213333
49658 2201064
32289 2233122
628 23270
52295 1485080
24185 572467
10829 675231
57947 341907
62892 3230807
22853 905397
33912 1444097
36478 706156
25771 413593
57999 509057
25178 338716
34946 1939821
36454 2605603
53735 300091
44687 1793434
62156 882571
40067 3075661
23138 820784
90 3949
55769 1542994
14397 220837
65140 1646933
1095 19246
33308 50972
46450 176989
47720 250941
56277 632173
29652 1653734
35241 1843250
57457 2792616
12919 493043
3660 229117
13518 1027562
48784 2459699
41294 1097143
37393 1263024
58917 2260632
18372 474981
8685 271102
31769 624063
13553 587997
51121 3413078
42009 1950020
43269 14543
25914 301454
53236 2755483
35234 2335691
48843 1460324
16150 974903
27210 182417
23671 1148148
47607 1912339
12172 102849
50839 1443180
23606 560552
162 9258
12982 824735
32809 1124182
25023 1993070
3036 204352
36072 1374107
39475 879990
28797 364547
23534 88347
16183 502913
16212 484547
40971 2830232
40247 1138948
56544 310996
14646 239533
12159 372168
16092 973998
22407 550610
1996 106858
19229 337079
44240 2552951
20503 515067
10658 665427
43208 1544906
30559 2027964
3907 117779
30643 292920
10620 836726
6747 396932
9076 517456
49244 3081697
16081 67373
13151 10632
55842 2086543
60956 510780
22991 1264299
64999 3096375
36617 2588055
847 51529
44340 3295450
52448 3782915
11438 151628
32519 597575
25894 1227535
61414 3635446
56632 2404050
16510 718597
29435 2538
533 30910
38977 2427757
8137 481359
56313 2687467
46346 475032
63920 618014
8672 45975
64491 4066502
35138 2353857
32729 1394505
59138 208349
54448 2820148
54819 1187596
52869 1875173
18518 1041469
23484 963233
61551 2234786
43494 1407889
21394 1252372
45778 3239419
3125 72269
53030 594270
60371 1160172
30078 441378
65257 274694
63206 3589756
53856 805097
23541 641482
35861 1463563
22759 763333
62001 1085122
11362 147458
11245 852833
41031 2251064
13741 206909
48805 2577570
53231 3802129
4877 67117
19476 1287444
40428 2622227
12083 174253
63592 790931
18381 1150929
59648 1022017
6149 174136
50408 3661334
25736 1849654
10223 702324
5940 162286
28725 1061518
44024 3132421
11435 114012
44510 905676
50384 2576281
55602 549268
36678 432499
4452 235241
9143 302670
5064 194674
8243 155459
239 3713
41842 3175502
27519 776612
63963 2710632
12936 411058
11547 775179
64555 4368207
5033 271427
27705 1530864
1888 26417
40711 2969909
65123 103201
34998 1479297
18882 866041
5602 85383
23489 545133
51118 11059
39557 2004474
13384 155642
44780 1498586
6119 228061
29214 890624
25112 73586
46419 893747
60825 2264817
64211 3180501
46021 2314022
47875 1064339
60489 3854428
41494 3074093
54136 2093527
31023 1723243
4287 64906
20499 1394428
61234 2602822
58477 4103709
45262 1827955
50876 2852048
1759 64288
28824 924923
10835 647850
27417 564195
60562 4230583
29875 786983
64767 2955915
64028 2310541
5626 199996
43944 1767429
24159 81626
33449 2475755
65189 199171
49246 2540293
7229 373250
13460 340429
45448 1350688
36697 1814125
28071 82892
3371 2550
36459 63736
25819 320485
3941 213786
45105 773452
38850 1063306
15246 470264
34240 1760860
39909 1869991
59915 2092582
24908 542040
62969 952067
32922 1265459
36869 1533793
60108 2667415
53406 1335481
30520 1011368
41756 2039518
11745 561587
63790 1887929
46164 176573
14887 676890
16907 272663
49 4243
62358 2683975
7986 92192
44218 1151947
1029 6631
34555 2087605
63103 2824768
61208 2664072
18084 1258984
44922 2481880
47707 1084203
14687 30263
11582 446808
50096 1230972
29383 2230374
15265 605354
13293 986724
13624 478002
25223 983771
19361 1329070
63406 2249140
44775 3057959
2415 117609
9159 154036
63660 4572659
2193 32211
15995 967548
31100 2328716
18643 1076983
8527 474509
34982 82281
45102 2756089
19218 99745
2191 78262
22273 92602
14260 291432
27321 1984715
47446 231038
1935 123467
16014 324310
31899 1361757
25337 188450
33731 2279239
31563 801508
44391 72953
51365 2235195
30356 1233455
24890 1199495
28920 649643
24781 704812
3575 236222
17547 1318998
49279 719102
17231 897795
32234 1686231
11537 572467
58715 3638274
51152 315601
51252 1994974
29634 532225
28316 828327
42605 2921778
28061 1908879
34250 223559
14633 802503
62646 2591495
41567 1854204
28502 1027324
47459 1838148
39379 653826
10174 490754
35807 686853
27188 484893
24046 1419314
7351 99625
10435 280705
25285 773746
4901 229225
32095 2117530
27633 1553837
17061 391232
32125 975299
15658 203363
22671 1435665
34982 1912109
53367 2621889
13454 51899
57668 2491934
63285 3850933
17878 313642
35451 2439251
52013 511580
13133 504781
60129 3381733
45557 1560360
25110 1775074
43597 900344
59109 3453760
25603 103998
28246 1078263
20367 718052
33244 1135180
19247 29380
43054 2119592
1020 72795
54762 1186324
18493 213610
58171 618759
24273 1851938
35367 2590404
19627 906323
3224 101329
36499 1586784
30983 138883
61873 1340627
32027 1829604
8960 474356
40136 1175928
65521 3745604
1736 60305
29801 149518
25933 2012871
43791 2900155
46878 2553448
40332 2363299
63854 1139880
63803 2569325
6033 381135
50562 3694819
13469 92730
63858 2242361
56034 593082
16388 1021725
62293 4019427
25076 545197
35880 509648
6729 524076
342 21722
47086 81139
33032 1400440
60317 776766
36611 2567791
11752 147969
34166 505487
64207 1268826
48099 1267968
8459 422716
50611 264441
25751 20560
20864 973318
54023 2243447
58398 150560
9627 586461
42565 318962
19308 927915
15901 1055588
36184 302473
20026 157207
44136 596852
35667 791245
28728 791863
46229 1221897
44035 750539
12851 260984
41987 383958
53817 1735662
47854 2622247
19285 951522
33368 2249264
20741 733550
22463 1141131
18946 985136
14224 141752
50139 668688
59595 1642716
13344 231798
34448 825103
8596 469687
9253 679083
38994 1791986
52353 918464
13759 497018
12470 403795
10772 341842
19661 1397400
12982 13053
17504 825231
23021 898648
14989 738356
55346 11083
25885 1867746
62380 2875290
61962 4721401
12264 108107
3948 151341
18464 504552
6979 168802
12381 528308
39638 239122
62398 4116942
30348 100267
26376 1089466
39865 891026
5364 65617
47742 1294399
27333 1132557
30308 579768
22004 1448557
24418 1756822
60968 4709166
64474 4230329
37189 627546
34186 1358166
47167 950168
20842 1508453
41678 1101177
59382 2203804
33080 2101919
59165 3232674
16075 777761
13126 35534
3772 140322
4177 197119
26464 1166323
34546 481015
60968 276204
14272 981450
53479 1227846
64955 1008594
32826 126408
22633 79545
29618 2055249
35356 1862106
24164 1879369
2855 197181
63597 2158919
56963 292124
48810 3321074
26704 99854
54211 3947290
31176 1684875
8429 386165
59754 1381910
11572 208777
59803 420317
8303 253162
543 6537
58531 3734299
34661 2630943
34674 2703636
53279 643071
17180 477126
2968 164230
41414 1100693
52388 3745654
14444 764216
63441 4294574
29081 675500
50187 3144101
21709 1602313
17695 1346653
57735 4129553
23807 51268
16668 441854
58875 1217819
43769 1728281
4416 295176
62721 3045407
10041 141195
34216 1118924
60729 1376575
31865 436487
45546 1097151
6642 224955
21243 878105
2347 124765
12317 391572
52859 1808329
62401 1809013
27415 437808
31474 2181266
26319 2058267
63191 2522820
809 22130
1121 22678
36260 2212110
17520 398314
33845 2156994
34176 1345763
17785 833368
24597 1094651
27209 556202
5913 321698
48277 1317881
25013 413942
7441 111858
21436 1645327
42356 220604
3299 112401
17089 938593
59296 2881572
41261 1205238
63623 1465880
32328 289502
18415 755114
29462 807255
21630 27662
63607 472663
12621 806915
38236 57970
61841 4480051
60236 3427638
32344 984253
45344 1129665
5509 400660
25484 1921191
41790 1223636
56125 3373250
41899 1202369
52807 2096027
29143 2064312
27068 347583
19911 430371
47471 2269238
34164 882250
59421 3600385
17871 380464
21182 721342
8207 293229
29951 447016
11295 590681
64276 3082181
2472 188670
7439 80074
63268 2938781
45099 892316
62817 3526365
23406 1616700
58895 4443605
41551 1800157
55465 839933
20533 1512095
13967 770707
59265 287355
45905 3031593
23006 695459
22630 666790
9349 552127
10576 199227
43461 3272219
4218 242132
62311 2145036
22287 1629421
4274 27656
58654 2407964
52811 148339
63840 4020912
35712 2464216
46986 2426979
22988 12103
65438 2442373
48503 2404988
60127 161465
37990 585806
61129 295250
880 9623
7975 284426
22013 823070
4917 336644
61275 1167363
56523 482310
661 4825
25618 1111379
64743 4040190
35764 2574925
36481 333404
32584 727925
49209 2594095
28039 2003540
11044 808803
60199 379905
59801 1311674
51384 2575167
27025 239429
15183 720177
8138 599667
48614 1981244
38541 250176
247 6802
51741 1914012
62184 312929
19078 1520734
31123 483677
62426 2978795
58399 2563359
2329 21732
53591 4145033
8872 144443
15147 900232
37433 2488719
23731 101356
31628 821711
45733 626821
12580 119955
7392 110155
36558 944013
52961 2142079
2174 19124
14481 48685
2564 121481
26936 1182207
61854 4832869
18036 748245
20004 746038
55146 1473865
1538 6685
59543 2222125
18048 458041
65017 1335868
7074 89070
58847 1458105
59252 3041612
29063 109553
12484 824493
35772 1019561
63780 1342600
20741 422606
55226 1236156
19661 111584
18628 620356
62059 1465435
54748 2482771
2136 145674
56567 881025
24964 1850110
30608 1028242
3414 249107
47700 3636978
61988 414140
40368 1011503
15775 499449
29250 257205
38212 2528763
36272 1736594
19120 96881
22742 1365120
21109 873658
16626 1169539
12378 455261
56496 2054557
22837 50873
